<?xml version="1.0" encoding="UTF-8"?>
<!-- Generated by org.testng.reporters.JUnitReportReporter -->
<testsuite hostname="EVT01108NB" name="com.javaassignment.xmlhandler.service.DtdValidationImplTest" tests="3" failures="0" timestamp="14 Jun 2018 13:46:13 GMT" time="0.066" errors="0">
  <testcase name="shouldValidateXMLFileWithDTDSuccessfully" time="0.005" classname="com.javaassignment.xmlhandler.service.DtdValidationImplTest"/>
  <testcase name="shouldThrowSAXExceptionWithInvalidXmlFile" time="0.009" classname="com.javaassignment.xmlhandler.service.DtdValidationImplTest"/>
  <testcase name="shouldThrowExceptionWithValidatingNonExistXmlFile" time="0.052" classname="com.javaassignment.xmlhandler.service.DtdValidationImplTest"/>
</testsuite> <!-- com.javaassignment.xmlhandler.service.DtdValidationImplTest -->
