<?xml version="1.0" encoding="UTF-8"?>
<!-- Generated by org.testng.reporters.JUnitReportReporter -->
<testsuite hostname="EVT01108NB" name="com.javaassignment.xmlhandler.service.XsdValidatorImplTest" tests="4" failures="0" timestamp="14 Jun 2018 13:46:13 GMT" time="0.061" errors="0">
  <testcase name="shouldThrowSAXExceptionWhenXMLFileIsInvalid" time="0.010" classname="com.javaassignment.xmlhandler.service.XsdValidatorImplTest"/>
  <testcase name="shouldThrowSAXExceptionWhenXSDSchemaIsInvalid" time="0.008" classname="com.javaassignment.xmlhandler.service.XsdValidatorImplTest"/>
  <testcase name="shouldValidateXMLFileWithDTDSuccessfully" time="0.033" classname="com.javaassignment.xmlhandler.service.XsdValidatorImplTest"/>
  <testcase name="shouldThrowExceptionWithValidatingNonExistXmlFile" time="0.010" classname="com.javaassignment.xmlhandler.service.XsdValidatorImplTest"/>
</testsuite> <!-- com.javaassignment.xmlhandler.service.XsdValidatorImplTest -->
